Using pre-set license
Built from '2020.2/release' branch; Version is '2020.2.0f1 (3721df5a8b28) revision 3613151'; Using compiler version '192528614'; Build Type 'Release'
OS: 'Windows 10  (10.0.0) 64bit' Language: 'en' Physical Memory: 12173 MB
BatchMode: 1, IsHumanControllingUs: 0, StartBugReporterOnCrash: 0, Is64bit: 1, IsPro: 0

 COMMAND LINE ARGUMENTS:
C:\Users\Rebecca\Documents\2020.2.0f1\Editor\Unity.exe
-adb2
-batchMode
-noUpm
-name
AssetImportWorker0
-projectPath
C:/Users/Rebecca/New Unity Project (1)
-logFile
Logs/AssetImportWorker0.log
-srvPort
52679
Successfully changed project path to: C:/Users/Rebecca/New Unity Project (1)
C:/Users/Rebecca/New Unity Project (1)
Using Asset Import Pipeline V2.
Refreshing native plugins compatible for Editor in 41.65 ms, found 1 plugins.
Preloading 0 native plugins for Editor in 0.00 ms.
Initialize engine version: 2020.2.0f1 (3721df5a8b28)
[Subsystems] Discovering subsystems at path C:/Users/Rebecca/Documents/2020.2.0f1/Editor/Data/Resources/UnitySubsystems
[Subsystems] Discovering subsystems at path C:/Users/Rebecca/New Unity Project (1)/Assets
GfxDevice: creating device client; threaded=0
Direct3D:
    Version:  Direct3D 11.0 [level 11.1]
    Renderer: Intel(R) HD Graphics 620 (ID=0x5916)
    Vendor:   
    VRAM:     6086 MB
Initialize mono
Mono path[0] = 'C:/Users/Rebecca/Documents/2020.2.0f1/Editor/Data/Managed'
Mono path[1] = 'C:/Users/Rebecca/Documents/2020.2.0f1/Editor/Data/MonoBleedingEdge/lib/mono/unityjit'
Mono config path = 'C:/Users/Rebecca/Documents/2020.2.0f1/Editor/Data/MonoBleedingEdge/etc'
Using monoOptions --debugger-agent=transport=dt_socket,embedding=1,server=y,suspend=n,address=127.0.0.1:56124
Begin MonoManager ReloadAssembly
Registering precompiled unity dll's ...
Register platform support module: C:/Users/Rebecca/Documents/2020.2.0f1/Editor/Data/PlaybackEngines/WindowsStandaloneSupport/UnityEditor.WindowsStandalone.Extensions.dll
Registered in 0.001993 seconds.
Native extension for WindowsStandalone target not found
Refreshing native plugins compatible for Editor in 50.43 ms, found 1 plugins.
Preloading 0 native plugins for Editor in 0.00 ms.
Invoked RoslynAnalysisRunner static constructor.
RoslynAnalysisRunner will not be running.
RoslynAnalysisRunner has terminated.
Mono: successfully reloaded assembly
- Completed reload, in  1.196 seconds
Platform modules already initialized, skipping
Registering precompiled user dll's ...
Registered in 0.001056 seconds.
Begin MonoManager ReloadAssembly
Native extension for WindowsStandalone target not found
Refreshing native plugins compatible for Editor in 52.40 ms, found 1 plugins.
Preloading 0 native plugins for Editor in 0.00 ms.
Invoked RoslynAnalysisRunner static constructor.
RoslynAnalysisRunner will not be running.
RoslynAnalysisRunner has terminated.
Mono: successfully reloaded assembly
- Completed reload, in  1.070 seconds
Platform modules already initialized, skipping
========================================================================
Worker process is ready to serve import requests
Launched and connected shader compiler UnityShaderCompiler.exe after 0.04 seconds
Refreshing native plugins compatible for Editor in 0.41 ms, found 1 plugins.
Preloading 0 native plugins for Editor in 0.00 ms.
Unloading 1788 Unused Serialized files (Serialized files now loaded: 0)
System memory in use before: 83.6 MB.
System memory in use after: 83.5 MB.

Unloading 24 unused Assets to reduce memory usage. Loaded Objects now: 2227.
Total: 2.842200 ms (FindLiveObjects: 0.287100 ms CreateObjectMapping: 0.138900 ms MarkObjects: 2.268600 ms  DeleteObjects: 0.146100 ms)

========================================================================
Received Import Request.
  path: Assets/NewBehaviourScript.cs
  artifactKey: Guid(eaea27174ace3c14e9107f76abe10324) Importer(815301076,1909f56bfc062723c751e8b465ee728b)
Start importing Assets/NewBehaviourScript.cs using Guid(eaea27174ace3c14e9107f76abe10324) Importer(815301076,1909f56bfc062723c751e8b465ee728b)  -> (artifact id: 'b59bf3ab89c3a2a5322438d4e5a55be0') in 0.102398 seconds
  Import took 0.106261 seconds .

========================================================================
Received Prepare
Registering precompiled user dll's ...
Registered in 0.001107 seconds.
Begin MonoManager ReloadAssembly
Native extension for WindowsStandalone target not found
Refreshing native plugins compatible for Editor in 0.42 ms, found 1 plugins.
Preloading 0 native plugins for Editor in 0.00 ms.
Invoked RoslynAnalysisRunner static constructor.
RoslynAnalysisRunner will not be running.
RoslynAnalysisRunner has terminated.
Mono: successfully reloaded assembly
- Completed reload, in  0.951 seconds
Platform modules already initialized, skipping
Refreshing native plugins compatible for Editor in 0.33 ms, found 1 plugins.
Preloading 0 native plugins for Editor in 0.00 ms.
Unloading 1784 Unused Serialized files (Serialized files now loaded: 0)
System memory in use before: 83.6 MB.
System memory in use after: 83.6 MB.

Unloading 12 unused Assets to reduce memory usage. Loaded Objects now: 2231.
Total: 2.330100 ms (FindLiveObjects: 0.272900 ms CreateObjectMapping: 0.107100 ms MarkObjects: 1.857500 ms  DeleteObjects: 0.091400 ms)

========================================================================
Received Prepare
Registering precompiled user dll's ...
Registered in 0.001260 seconds.
Begin MonoManager ReloadAssembly
Native extension for WindowsStandalone target not found
Refreshing native plugins compatible for Editor in 0.60 ms, found 1 plugins.
Preloading 0 native plugins for Editor in 0.00 ms.
Invoked RoslynAnalysisRunner static constructor.
RoslynAnalysisRunner will not be running.
RoslynAnalysisRunner has terminated.
Mono: successfully reloaded assembly
- Completed reload, in  1.270 seconds
Platform modules already initialized, skipping
Refreshing native plugins compatible for Editor in 0.61 ms, found 1 plugins.
Preloading 0 native plugins for Editor in 0.00 ms.
Unloading 1783 Unused Serialized files (Serialized files now loaded: 0)
System memory in use before: 83.7 MB.
System memory in use after: 83.7 MB.

Unloading 13 unused Assets to reduce memory usage. Loaded Objects now: 2233.
Total: 5.471200 ms (FindLiveObjects: 0.299400 ms CreateObjectMapping: 0.192100 ms MarkObjects: 4.796900 ms  DeleteObjects: 0.180700 ms)

========================================================================
Received Import Request.
  Time since last request: 128.113888 seconds.
  path: Assets/Creature_Behavior.cs
  artifactKey: Guid(6646201ccb7d8be4780fc6557d257a68) Importer(815301076,1909f56bfc062723c751e8b465ee728b)
Start importing Assets/Creature_Behavior.cs using Guid(6646201ccb7d8be4780fc6557d257a68) Importer(815301076,1909f56bfc062723c751e8b465ee728b)  -> (artifact id: '3262fc7bbe32a4eb488625f222110d80') in 0.011813 seconds
  Import took 0.152256 seconds .

========================================================================
Received Prepare
Registering precompiled user dll's ...
Registered in 0.001062 seconds.
Begin MonoManager ReloadAssembly
Native extension for WindowsStandalone target not found
Refreshing native plugins compatible for Editor in 0.37 ms, found 1 plugins.
Preloading 0 native plugins for Editor in 0.00 ms.
Invoked RoslynAnalysisRunner static constructor.
RoslynAnalysisRunner will not be running.
RoslynAnalysisRunner has terminated.
Mono: successfully reloaded assembly
- Completed reload, in  0.936 seconds
Platform modules already initialized, skipping
Refreshing native plugins compatible for Editor in 0.38 ms, found 1 plugins.
Preloading 0 native plugins for Editor in 0.00 ms.
Unloading 1783 Unused Serialized files (Serialized files now loaded: 0)
System memory in use before: 83.7 MB.
System memory in use after: 83.7 MB.

Unloading 12 unused Assets to reduce memory usage. Loaded Objects now: 2236.
Total: 2.782200 ms (FindLiveObjects: 0.379400 ms CreateObjectMapping: 0.125400 ms MarkObjects: 2.179400 ms  DeleteObjects: 0.096500 ms)

========================================================================
Received Import Request.
  Time since last request: 365.204371 seconds.
  path: Packages/com.unity.2d.sprite/Editor/ObjectMenuCreation/DefaultAssets/Textures/9-Sliced.png
  artifactKey: Guid(cc35afd292fc349128b36a291fb3a165) Importer(815301076,1909f56bfc062723c751e8b465ee728b)
Start importing Packages/com.unity.2d.sprite/Editor/ObjectMenuCreation/DefaultAssets/Textures/9-Sliced.png using Guid(cc35afd292fc349128b36a291fb3a165) Importer(815301076,1909f56bfc062723c751e8b465ee728b)  -> (artifact id: 'c29d8c61d3047585a6556fcb66a00a93') in 0.244064 seconds
  Import took 0.276832 seconds .

========================================================================
Received Import Request.
  Time since last request: 0.000314 seconds.
  path: Packages/com.unity.2d.sprite/Editor/ObjectMenuCreation/DefaultAssets/Textures/HexagonPointed-Top.png
  artifactKey: Guid(4b2a04fdbe0ef4d8da8f90eaca817cd1) Importer(815301076,1909f56bfc062723c751e8b465ee728b)
Start importing Packages/com.unity.2d.sprite/Editor/ObjectMenuCreation/DefaultAssets/Textures/HexagonPointed-Top.png using Guid(4b2a04fdbe0ef4d8da8f90eaca817cd1) Importer(815301076,1909f56bfc062723c751e8b465ee728b)  -> (artifact id: '1fef426ef0932c7a42be3ac52d566732') in 0.149716 seconds
  Import took 0.188972 seconds .

========================================================================
Received Import Request.
  Time since last request: 0.000204 seconds.
  path: Packages/com.unity.2d.sprite/Editor/ObjectMenuCreation/DefaultAssets/Textures/HexagonFlat-Top.png
  artifactKey: Guid(a9716c16a44a94eed9b5c90fbf4d9bdd) Importer(815301076,1909f56bfc062723c751e8b465ee728b)
Start importing Packages/com.unity.2d.sprite/Editor/ObjectMenuCreation/DefaultAssets/Textures/HexagonFlat-Top.png using Guid(a9716c16a44a94eed9b5c90fbf4d9bdd) Importer(815301076,1909f56bfc062723c751e8b465ee728b)  -> (artifact id: '373664dedaff688bdbacc896136850d4') in 0.130461 seconds
  Import took 0.174002 seconds .

========================================================================
Received Import Request.
  Time since last request: 0.000891 seconds.
  path: Packages/com.unity.2d.sprite/Editor/ObjectMenuCreation/DefaultAssets/Textures/CircleMask.png
  artifactKey: Guid(87aaca0a643d54397ba969dab4fc8875) Importer(815301076,1909f56bfc062723c751e8b465ee728b)
Start importing Packages/com.unity.2d.sprite/Editor/ObjectMenuCreation/DefaultAssets/Textures/CircleMask.png using Guid(87aaca0a643d54397ba969dab4fc8875) Importer(815301076,1909f56bfc062723c751e8b465ee728b)  -> (artifact id: '96399939f0f05682d4f701b26de29b1f') in 0.068386 seconds
  Import took 0.109755 seconds .

========================================================================
Received Import Request.
  Time since last request: 0.000181 seconds.
  path: Packages/com.unity.2d.sprite/Editor/ObjectMenuCreation/DefaultAssets/Textures/Circle.png
  artifactKey: Guid(4adeaf2d2b1c7417e89f026626d8264f) Importer(815301076,1909f56bfc062723c751e8b465ee728b)
Start importing Packages/com.unity.2d.sprite/Editor/ObjectMenuCreation/DefaultAssets/Textures/Circle.png using Guid(4adeaf2d2b1c7417e89f026626d8264f) Importer(815301076,1909f56bfc062723c751e8b465ee728b)  -> (artifact id: 'ed76e26c019c34f504ef77b82b38a507') in 0.039292 seconds
  Import took 0.074905 seconds .

========================================================================
Received Import Request.
  Time since last request: 0.000302 seconds.
  path: Packages/com.unity.2d.sprite/Editor/ObjectMenuCreation/DefaultAssets/Textures/Square.png
  artifactKey: Guid(db750325989564987a34393247d883b4) Importer(815301076,1909f56bfc062723c751e8b465ee728b)
Start importing Packages/com.unity.2d.sprite/Editor/ObjectMenuCreation/DefaultAssets/Textures/Square.png using Guid(db750325989564987a34393247d883b4) Importer(815301076,1909f56bfc062723c751e8b465ee728b)  -> (artifact id: '7c0fc8c3490daba4258f4add0078f3da') in 0.017978 seconds
  Import took 0.030277 seconds .

========================================================================
Received Import Request.
  Time since last request: 0.000308 seconds.
  path: Packages/com.unity.2d.sprite/Editor/ObjectMenuCreation/DefaultAssets/Textures/Capsule.png
  artifactKey: Guid(34587324d412940a79d530020c957dc0) Importer(815301076,1909f56bfc062723c751e8b465ee728b)
Start importing Packages/com.unity.2d.sprite/Editor/ObjectMenuCreation/DefaultAssets/Textures/Capsule.png using Guid(34587324d412940a79d530020c957dc0) Importer(815301076,1909f56bfc062723c751e8b465ee728b)  -> (artifact id: '5f2f3d0262a44391b291c15cf619e7b7') in 0.105057 seconds
  Import took 0.127724 seconds .

========================================================================
Received Import Request.
  Time since last request: 0.000217 seconds.
  path: Packages/com.unity.2d.sprite/Editor/ObjectMenuCreation/DefaultAssets/Textures/IsometricDiamond.png
  artifactKey: Guid(0d267bc78a0864eb48358689b29ed20a) Importer(815301076,1909f56bfc062723c751e8b465ee728b)
Start importing Packages/com.unity.2d.sprite/Editor/ObjectMenuCreation/DefaultAssets/Textures/IsometricDiamond.png using Guid(0d267bc78a0864eb48358689b29ed20a) Importer(815301076,1909f56bfc062723c751e8b465ee728b)  -> (artifact id: '8043acfea8959102ff57cba2c8c32c83') in 0.041227 seconds
  Import took 0.045184 seconds .

========================================================================
Received Import Request.
  Time since last request: 112.819563 seconds.
  path: Assets
  artifactKey: Guid(00000000000000001000000000000000) Importer(815301076,1909f56bfc062723c751e8b465ee728b)
Start importing Assets using Guid(00000000000000001000000000000000) Importer(815301076,1909f56bfc062723c751e8b465ee728b)  -> (artifact id: 'b41cfa13f056e58f64cf5f3363de7353') in 0.053692 seconds
  Import took 0.067429 seconds .

========================================================================
Received Import Request.
  Time since last request: 15.211822 seconds.
  path: Assets/Prefab
  artifactKey: Guid(7f30539dcf5fa334eb6fb7e7ba67d083) Importer(815301076,1909f56bfc062723c751e8b465ee728b)
Start importing Assets/Prefab using Guid(7f30539dcf5fa334eb6fb7e7ba67d083) Importer(815301076,1909f56bfc062723c751e8b465ee728b)  -> (artifact id: '7e67be6e961e2ffd56a8dafa319bbd00') in 0.013019 seconds
  Import took 0.019341 seconds .

========================================================================
Received Import Request.
  Time since last request: 5.488139 seconds.
  path: Assets/Prefab/Plant.prefab
  artifactKey: Guid(08a264ab3216ced4eb692de7d54e66de) Importer(815301076,1909f56bfc062723c751e8b465ee728b)
Start importing Assets/Prefab/Plant.prefab using Guid(08a264ab3216ced4eb692de7d54e66de) Importer(815301076,1909f56bfc062723c751e8b465ee728b)  -> (artifact id: '8c34e4161681d935bcf8f4ffc9908104') in 0.095083 seconds
  Import took 0.111062 seconds .

========================================================================
Received Import Request.
  Time since last request: 0.003987 seconds.
  path: Assets/Prefab/Plant.prefab
  artifactKey: Guid(08a264ab3216ced4eb692de7d54e66de) Importer(815301076,1909f56bfc062723c751e8b465ee728b)
Start importing Assets/Prefab/Plant.prefab using Guid(08a264ab3216ced4eb692de7d54e66de) Importer(815301076,1909f56bfc062723c751e8b465ee728b)  -> (artifact id: '8c34e4161681d935bcf8f4ffc9908104') in 0.017056 seconds
  Import took 0.021812 seconds .

========================================================================
Received Prepare
Registering precompiled user dll's ...
Registered in 0.001614 seconds.
Begin MonoManager ReloadAssembly
Native extension for WindowsStandalone target not found
Refreshing native plugins compatible for Editor in 0.34 ms, found 1 plugins.
Preloading 0 native plugins for Editor in 0.00 ms.
Invoked RoslynAnalysisRunner static constructor.
RoslynAnalysisRunner will not be running.
RoslynAnalysisRunner has terminated.
Mono: successfully reloaded assembly
- Completed reload, in  0.946 seconds
Platform modules already initialized, skipping
Refreshing native plugins compatible for Editor in 0.34 ms, found 1 plugins.
Preloading 0 native plugins for Editor in 0.00 ms.
Unloading 1784 Unused Serialized files (Serialized files now loaded: 0)
System memory in use before: 86.9 MB.
System memory in use after: 86.9 MB.

Unloading 12 unused Assets to reduce memory usage. Loaded Objects now: 2257.
Total: 4.089700 ms (FindLiveObjects: 0.309300 ms CreateObjectMapping: 0.207200 ms MarkObjects: 3.469900 ms  DeleteObjects: 0.099900 ms)

========================================================================
Received Import Request.
  Time since last request: 65.119003 seconds.
  path: Assets/PlantManager.cs
  artifactKey: Guid(76dd6f41543ae0044a98ecdcadc422c2) Importer(815301076,1909f56bfc062723c751e8b465ee728b)
Start importing Assets/PlantManager.cs using Guid(76dd6f41543ae0044a98ecdcadc422c2) Importer(815301076,1909f56bfc062723c751e8b465ee728b)  -> (artifact id: '486fdfed8e3edee07b97759ebcc01f9f') in 0.013084 seconds
  Import took 0.016609 seconds .

========================================================================
Received Prepare
Registering precompiled user dll's ...
Registered in 0.001712 seconds.
Begin MonoManager ReloadAssembly
Native extension for WindowsStandalone target not found
Refreshing native plugins compatible for Editor in 0.35 ms, found 1 plugins.
Preloading 0 native plugins for Editor in 0.00 ms.
Invoked RoslynAnalysisRunner static constructor.
RoslynAnalysisRunner will not be running.
RoslynAnalysisRunner has terminated.
Mono: successfully reloaded assembly
- Completed reload, in  0.993 seconds
Platform modules already initialized, skipping
Refreshing native plugins compatible for Editor in 0.32 ms, found 1 plugins.
Preloading 0 native plugins for Editor in 0.00 ms.
Unloading 1784 Unused Serialized files (Serialized files now loaded: 0)
System memory in use before: 87.0 MB.
System memory in use after: 87.0 MB.

Unloading 12 unused Assets to reduce memory usage. Loaded Objects now: 2260.
Total: 2.033200 ms (FindLiveObjects: 0.187200 ms CreateObjectMapping: 0.057600 ms MarkObjects: 1.693900 ms  DeleteObjects: 0.092700 ms)

========================================================================
Received Import Request.
  Time since last request: 149.130555 seconds.
  path: Assets/PlantManager.cs
  artifactKey: Guid(76dd6f41543ae0044a98ecdcadc422c2) Importer(815301076,1909f56bfc062723c751e8b465ee728b)
Start importing Assets/PlantManager.cs using Guid(76dd6f41543ae0044a98ecdcadc422c2) Importer(815301076,1909f56bfc062723c751e8b465ee728b)  -> (artifact id: 'bed60cd839d344fc5c11c9341108717a') in 0.005436 seconds
  Import took 0.036898 seconds .

========================================================================
Received Import Request.
  Time since last request: 54.801400 seconds.
  path: Assets/Creature_Behavior.cs
  artifactKey: Guid(6646201ccb7d8be4780fc6557d257a68) Importer(815301076,1909f56bfc062723c751e8b465ee728b)
Start importing Assets/Creature_Behavior.cs using Guid(6646201ccb7d8be4780fc6557d257a68) Importer(815301076,1909f56bfc062723c751e8b465ee728b)  -> (artifact id: 'eef996d3a6ede37ae478535d5f72f5e0') in 0.010552 seconds
  Import took 0.013937 seconds .

========================================================================
Received Prepare
Registering precompiled user dll's ...
Registered in 0.001678 seconds.
Begin MonoManager ReloadAssembly
Native extension for WindowsStandalone target not found
Refreshing native plugins compatible for Editor in 0.35 ms, found 1 plugins.
Preloading 0 native plugins for Editor in 0.00 ms.
Invoked RoslynAnalysisRunner static constructor.
RoslynAnalysisRunner will not be running.
RoslynAnalysisRunner has terminated.
Mono: successfully reloaded assembly
- Completed reload, in  0.909 seconds
Platform modules already initialized, skipping
Refreshing native plugins compatible for Editor in 0.34 ms, found 1 plugins.
Preloading 0 native plugins for Editor in 0.00 ms.
Unloading 1784 Unused Serialized files (Serialized files now loaded: 0)
System memory in use before: 87.1 MB.
System memory in use after: 87.0 MB.

Unloading 12 unused Assets to reduce memory usage. Loaded Objects now: 2263.
Total: 2.185300 ms (FindLiveObjects: 0.162900 ms CreateObjectMapping: 0.064500 ms MarkObjects: 1.857400 ms  DeleteObjects: 0.098900 ms)

